<?xml version="1.0" encoding="UTF-8"?>
<testsuite xmlns:xsi="http://www.w3.org/2001/XMLSchema-instance" xsi:noNamespaceSchemaLocation="https://maven.apache.org/surefire/maven-surefire-plugin/xsd/surefire-test-report-3.0.xsd" version="3.0" name="com.mb.MarriageBureauApplicationTests" time="20.094" tests="1" errors="0" skipped="0" failures="0">
  <properties>
[...]
</properties>
  <testcase name="contextLoads" classname="com.mb.MarriageBureauApplicationTests" time="1.0">
    <system-out><![CDATA[21:48:05.708 [main] INFO org.springframework.test.context.support.AnnotationConfigContextLoaderUtils -- Could not detect default configuration classes for test class [com.mb.MarriageBureauApplicationTests]: MarriageBureauApplicationTests does not declare any static, non-private, non-final, nested classes annotated with @Configuration.
21:48:05.887 [main] INFO org.springframework.boot.test.context.SpringBootTestContextBootstrapper -- Found @SpringBootConfiguration com.mb.MarriageBureauApplication for test class com.mb.MarriageBureauApplicationTests
21:48:06.270 [main] INFO org.springframework.boot.devtools.restart.RestartApplicationListener -- Restart disabled due to context in which it is running

  .   ____          _            __ _ _
 /\\ / ___'_ __ _ _(_)_ __  __ _ \ \ \ \
( ( )\___ | '_ | '_| | '_ \/ _` | \ \ \ \
 \\/  ___)| |_)| | | | | || (_| |  ) ) ) )
  '  |____| .__|_| |_|_| |_\__, | / / / /
 =========|_|==============|___/=/_/_/_/

 :: Spring Boot ::                (v3.3.1)

2024-10-18T21:48:06.633+05:30  WARN 1700 --- [MarriageBureau] [           main] ory$DuplicateJsonObjectContextCustomizer : 

Found multiple occurrences of org.json.JSONObject on the class path:

	jar:file:/C:/Users/manpr/.m2/repository/com/vaadin/external/google/android-json/0.0.20131108.vaadin1/android-json-0.0.20131108.vaadin1.jar!/org/json/JSONObject.class
	jar:file:/C:/Users/manpr/.m2/repository/org/json/json/20180130/json-20180130.jar!/org/json/JSONObject.class

You may wish to exclude one of them to ensure predictable runtime behavior

2024-10-18T21:48:06.660+05:30  INFO 1700 --- [MarriageBureau] [           main] com.mb.MarriageBureauApplicationTests    : Starting MarriageBureauApplicationTests using Java 21.0.4 with PID 1700 (started by manpr in C:\Users\manpr\Downloads\mb-master)
2024-10-18T21:48:06.660+05:30  INFO 1700 --- [MarriageBureau] [           main] com.mb.MarriageBureauApplicationTests    : The following 1 profile is active: "dev"
2024-10-18T21:48:08.540+05:30  INFO 1700 --- [MarriageBureau] [           main] .s.d.r.c.RepositoryConfigurationDelegate : Bootstrapping Spring Data JPA repositories in DEFAULT mode.
2024-10-18T21:48:08.652+05:30  INFO 1700 --- [MarriageBureau] [           main] .s.d.r.c.RepositoryConfigurationDelegate : Finished Spring Data repository scanning in 98 ms. Found 3 JPA repository interfaces.
2024-10-18T21:48:09.984+05:30  INFO 1700 --- [MarriageBureau] [           main] o.hibernate.jpa.internal.util.LogHelper  : HHH000204: Processing PersistenceUnitInfo [name: default]
2024-10-18T21:48:10.124+05:30  INFO 1700 --- [MarriageBureau] [           main] org.hibernate.Version                    : HHH000412: Hibernate ORM core version 6.5.2.Final
2024-10-18T21:48:10.197+05:30  INFO 1700 --- [MarriageBureau] [           main] o.h.c.internal.RegionFactoryInitiator    : HHH000026: Second-level cache disabled
2024-10-18T21:48:10.822+05:30  INFO 1700 --- [MarriageBureau] [           main] o.s.o.j.p.SpringPersistenceUnitInfo      : No LoadTimeWeaver setup: ignoring JPA class transformer
2024-10-18T21:48:10.885+05:30  INFO 1700 --- [MarriageBureau] [           main] com.zaxxer.hikari.HikariDataSource       : HikariPool-1 - Starting...
2024-10-18T21:48:11.706+05:30  INFO 1700 --- [MarriageBureau] [           main] com.zaxxer.hikari.pool.HikariPool        : HikariPool-1 - Added connection com.mysql.cj.jdbc.ConnectionImpl@21688427
2024-10-18T21:48:11.710+05:30  INFO 1700 --- [MarriageBureau] [           main] com.zaxxer.hikari.HikariDataSource       : HikariPool-1 - Start completed.
2024-10-18T21:48:14.577+05:30  INFO 1700 --- [MarriageBureau] [           main] o.h.e.t.j.p.i.JtaPlatformInitiator       : HHH000489: No JTA platform available (set 'hibernate.transaction.jta.platform' to enable JTA platform integration)
2024-10-18T21:48:15.036+05:30  INFO 1700 --- [MarriageBureau] [           main] j.LocalContainerEntityManagerFactoryBean : Initialized JPA EntityManagerFactory for persistence unit 'default'
2024-10-18T21:48:16.484+05:30  INFO 1700 --- [MarriageBureau] [           main] o.s.d.j.r.query.QueryEnhancerFactory     : Hibernate is in classpath; If applicable, HQL parser will be used.
2024-10-18T21:48:20.001+05:30  WARN 1700 --- [MarriageBureau] [           main] JpaBaseConfiguration$JpaWebConfiguration : spring.jpa.open-in-view is enabled by default. Therefore, database queries may be performed during view rendering. Explicitly configure spring.jpa.open-in-view to disable this warning
2024-10-18T21:48:20.166+05:30  INFO 1700 --- [MarriageBureau] [           main] eAuthenticationProviderManagerConfigurer : Global AuthenticationManager configured with AuthenticationProvider bean with name authenticationProvider
2024-10-18T21:48:20.168+05:30  WARN 1700 --- [MarriageBureau] [           main] r$InitializeUserDetailsManagerConfigurer : Global AuthenticationManager configured with an AuthenticationProvider bean. UserDetailsService beans will not be used for username/password login. Consider removing the AuthenticationProvider bean. Alternatively, consider using the UserDetailsService in a manually instantiated DaoAuthenticationProvider.
2024-10-18T21:48:20.477+05:30  INFO 1700 --- [MarriageBureau] [           main] o.s.b.a.w.s.WelcomePageHandlerMapping    : Adding welcome page template: index
2024-10-18T21:48:21.651+05:30  INFO 1700 --- [MarriageBureau] [           main] o.s.b.a.e.web.EndpointLinksResolver      : Exposing 1 endpoint beneath base path '/actuator'
2024-10-18T21:48:21.983+05:30  WARN 1700 --- [MarriageBureau] [           main] o.thymeleaf.templatemode.TemplateMode    : [THYMELEAF][main] Unknown Template Mode 'HTML5'. Must be one of: 'HTML', 'XML', 'TEXT', 'JAVASCRIPT', 'CSS', 'RAW'. Using default Template Mode 'HTML'.
2024-10-18T21:48:23.601+05:30  INFO 1700 --- [MarriageBureau] [           main] org.quartz.impl.StdSchedulerFactory      : Using default implementation for ThreadExecutor
2024-10-18T21:48:23.682+05:30  INFO 1700 --- [MarriageBureau] [           main] org.quartz.core.SchedulerSignalerImpl    : Initialized Scheduler Signaller of type: class org.quartz.core.SchedulerSignalerImpl
2024-10-18T21:48:23.683+05:30  INFO 1700 --- [MarriageBureau] [           main] org.quartz.core.QuartzScheduler          : Quartz Scheduler v.2.3.2 created.
2024-10-18T21:48:23.683+05:30  INFO 1700 --- [MarriageBureau] [           main] org.quartz.simpl.RAMJobStore             : RAMJobStore initialized.
2024-10-18T21:48:23.683+05:30  INFO 1700 --- [MarriageBureau] [           main] org.quartz.core.QuartzScheduler          : Scheduler meta-data: Quartz Scheduler (v2.3.2) 'quartzScheduler' with instanceId 'NON_CLUSTERED'
  Scheduler class: 'org.quartz.core.QuartzScheduler' - running locally.
  NOT STARTED.
  Currently in standby mode.
  Number of jobs executed: 0
  Using thread pool 'org.quartz.simpl.SimpleThreadPool' - with 10 threads.
  Using job-store 'org.quartz.simpl.RAMJobStore' - which does not support persistence. and is not clustered.

2024-10-18T21:48:23.683+05:30  INFO 1700 --- [MarriageBureau] [           main] org.quartz.impl.StdSchedulerFactory      : Quartz scheduler 'quartzScheduler' initialized from an externally provided properties instance.
2024-10-18T21:48:23.683+05:30  INFO 1700 --- [MarriageBureau] [           main] org.quartz.impl.StdSchedulerFactory      : Quartz scheduler version: 2.3.2
2024-10-18T21:48:23.683+05:30  INFO 1700 --- [MarriageBureau] [           main] org.quartz.core.QuartzScheduler          : JobFactory set to: org.springframework.scheduling.quartz.SpringBeanJobFactory@464c18c8
2024-10-18T21:48:24.100+05:30  INFO 1700 --- [MarriageBureau] [           main] o.s.s.quartz.SchedulerFactoryBean        : Starting Quartz Scheduler now
2024-10-18T21:48:24.100+05:30  INFO 1700 --- [MarriageBureau] [           main] org.quartz.core.QuartzScheduler          : Scheduler quartzScheduler_$_NON_CLUSTERED started.
2024-10-18T21:48:24.158+05:30  INFO 1700 --- [MarriageBureau] [           main] com.mb.MarriageBureauApplicationTests    : Started MarriageBureauApplicationTests in 17.905 seconds (process running for 19.695)
]]></system-out>
    <system-err><![CDATA[WARNING: A Java agent has been loaded dynamically (C:\Users\manpr\.m2\repository\net\bytebuddy\byte-buddy-agent\1.14.17\byte-buddy-agent-1.14.17.jar)
WARNING: If a serviceability tool is in use, please run with -XX:+EnableDynamicAgentLoading to hide this warning
WARNING: If a serviceability tool is not in use, please run with -Djdk.instrument.traceUsage for more information
WARNING: Dynamic loading of agents will be disallowed by default in a future release
]]></system-err>
  </testcase>
</testsuite>